[2019-01-11 06:12:47] local.ERROR: preg_match(): JIT compilation failed: no more memory {"exception":"[object] (ErrorException(code: 0): preg_match(): JIT compilation failed: no more memory at /Users/dataScienceDisco/Documents/LaravelProjects/awis/vendor/doctrine/inflector/lib/Doctrine/Common/Inflector/Inflector.php:479)
[stacktrace]
#0 [internal function]: Illuminate\\Foundation\\Bootstrap\\HandleExceptions->handleError(2, 'preg_match(): J...', '/Users/dataScie...', 479, Array)
#1 /Users/dataScienceDisco/Documents/LaravelProjects/awis/vendor/doctrine/inflector/lib/Doctrine/Common/Inflector/Inflector.php(479): preg_match('/(o)es$/i', 'post')
#2 /Users/dataScienceDisco/Documents/LaravelProjects/awis/vendor/laravel/framework/src/Illuminate/Support/Pluralizer.php(84): Doctrine\\Common\\Inflector\\Inflector::singularize('post')
#3 /Users/dataScienceDisco/Documents/LaravelProjects/awis/vendor/laravel/framework/src/Illuminate/Support/Str.php(407): Illuminate\\Support\\Pluralizer::singular('post')
#4 /Users/dataScienceDisco/Documents/LaravelProjects/awis/vendor/laravel/framework/src/Illuminate/Routing/ResourceRegistrar.php(345): Illuminate\\Support\\Str::singular('post')
#5 /Users/dataScienceDisco/Documents/LaravelProjects/awis/vendor/laravel/framework/src/Illuminate/Routing/ResourceRegistrar.php(91): Illuminate\\Routing\\ResourceRegistrar->getResourceWildcard('post')
#6 /Users/dataScienceDisco/Documents/LaravelProjects/awis/vendor/laravel/framework/src/Illuminate/Routing/PendingResourceRegistration.php(166): Illuminate\\Routing\\ResourceRegistrar->register('post', 'PostController', Array)
#7 /Users/dataScienceDisco/Documents/LaravelProjects/awis/vendor/laravel/framework/src/Illuminate/Routing/PendingResourceRegistration.php(178): Illuminate\\Routing\\PendingResourceRegistration->register()
#8 /Users/dataScienceDisco/Documents/LaravelProjects/awis/vendor/laravel/framework/src/Illuminate/Support/Facades/Facade.php(237): Illuminate\\Routing\\PendingResourceRegistration->__destruct()
#9 /Users/dataScienceDisco/Documents/LaravelProjects/awis/routes/web.php(18): Illuminate\\Support\\Facades\\Facade::__callStatic('resource', Array)
#10 /Users/dataScienceDisco/Documents/LaravelProjects/awis/vendor/laravel/framework/src/Illuminate/Routing/Router.php(417): require('/Users/dataScie...')
#11 /Users/dataScienceDisco/Documents/LaravelProjects/awis/vendor/laravel/framework/src/Illuminate/Routing/Router.php(373): Illuminate\\Routing\\Router->loadRoutes('/Users/dataScie...')
#12 /Users/dataScienceDisco/Documents/LaravelProjects/awis/vendor/laravel/framework/src/Illuminate/Routing/RouteRegistrar.php(121): Illuminate\\Routing\\Router->group(Array, '/Users/dataScie...')
#13 /Users/dataScienceDisco/Documents/LaravelProjects/awis/app/Providers/RouteServiceProvider.php(56): Illuminate\\Routing\\RouteRegistrar->group('/Users/dataScie...')
#14 /Users/dataScienceDisco/Documents/LaravelProjects/awis/app/Providers/RouteServiceProvider.php(40): App\\Providers\\RouteServiceProvider->mapWebRoutes()
#15 [internal function]: App\\Providers\\RouteServiceProvider->map()
#16 /Users/dataScienceDisco/Documents/LaravelProjects/awis/vendor/laravel/framework/src/Illuminate/Container/BoundMethod.php(29): call_user_func_array(Array, Array)
#17 /Users/dataScienceDisco/Documents/LaravelProjects/awis/vendor/laravel/framework/src/Illuminate/Container/BoundMethod.php(87): Illuminate\\Container\\BoundMethod::Illuminate\\Container\\{closure}()
#18 /Users/dataScienceDisco/Documents/LaravelProjects/awis/vendor/laravel/framework/src/Illuminate/Container/BoundMethod.php(31): Illuminate\\Container\\BoundMethod::callBoundMethod(Object(Illuminate\\Foundation\\Application), Array, Object(Closure))
#19 /Users/dataScienceDisco/Documents/LaravelProjects/awis/vendor/laravel/framework/src/Illuminate/Container/Container.php(572): Illuminate\\Container\\BoundMethod::call(Object(Illuminate\\Foundation\\Application), Array, Array, NULL)
#20 /Users/dataScienceDisco/Documents/LaravelProjects/awis/vendor/laravel/framework/src/Illuminate/Foundation/Support/Providers/RouteServiceProvider.php(77): Illuminate\\Container\\Container->call(Array)
#21 /Users/dataScienceDisco/Documents/LaravelProjects/awis/vendor/laravel/framework/src/Illuminate/Foundation/Support/Providers/RouteServiceProvider.php(36): Illuminate\\Foundation\\Support\\Providers\\RouteServiceProvider->loadRoutes()
#22 /Users/dataScienceDisco/Documents/LaravelProjects/awis/app/Providers/RouteServiceProvider.php(28): Illuminate\\Foundation\\Support\\Providers\\RouteServiceProvider->boot()
#23 [internal function]: App\\Providers\\RouteServiceProvider->boot()
#24 /Users/dataScienceDisco/Documents/LaravelProjects/awis/vendor/laravel/framework/src/Illuminate/Container/BoundMethod.php(29): call_user_func_array(Array, Array)
#25 /Users/dataScienceDisco/Documents/LaravelProjects/awis/vendor/laravel/framework/src/Illuminate/Container/BoundMethod.php(87): Illuminate\\Container\\BoundMethod::Illuminate\\Container\\{closure}()
#26 /Users/dataScienceDisco/Documents/LaravelProjects/awis/vendor/laravel/framework/src/Illuminate/Container/BoundMethod.php(31): Illuminate\\Container\\BoundMethod::callBoundMethod(Object(Illuminate\\Foundation\\Application), Array, Object(Closure))
#27 /Users/dataScienceDisco/Documents/LaravelProjects/awis/vendor/laravel/framework/src/Illuminate/Container/Container.php(572): Illuminate\\Container\\BoundMethod::call(Object(Illuminate\\Foundation\\Application), Array, Array, NULL)
#28 /Users/dataScienceDisco/Documents/LaravelProjects/awis/vendor/laravel/framework/src/Illuminate/Foundation/Application.php(795): Illuminate\\Container\\Container->call(Array)
#29 /Users/dataScienceDisco/Documents/LaravelProjects/awis/vendor/laravel/framework/src/Illuminate/Foundation/Application.php(778): Illuminate\\Foundation\\Application->bootProvider(Object(App\\Providers\\RouteServiceProvider))
#30 [internal function]: Illuminate\\Foundation\\Application->Illuminate\\Foundation\\{closure}(Object(App\\Providers\\RouteServiceProvider), 22)
#31 /Users/dataScienceDisco/Documents/LaravelProjects/awis/vendor/laravel/framework/src/Illuminate/Foundation/Application.php(779): array_walk(Array, Object(Closure))
#32 /Users/dataScienceDisco/Documents/LaravelProjects/awis/vendor/laravel/framework/src/Illuminate/Foundation/Bootstrap/BootProviders.php(17): Illuminate\\Foundation\\Application->boot()
#33 /Users/dataScienceDisco/Documents/LaravelProjects/awis/vendor/laravel/framework/src/Illuminate/Foundation/Application.php(204): Illuminate\\Foundation\\Bootstrap\\BootProviders->bootstrap(Object(Illuminate\\Foundation\\Application))
#34 /Users/dataScienceDisco/Documents/LaravelProjects/awis/vendor/laravel/framework/src/Illuminate/Foundation/Http/Kernel.php(162): Illuminate\\Foundation\\Application->bootstrapWith(Array)
#35 /Users/dataScienceDisco/Documents/LaravelProjects/awis/vendor/laravel/framework/src/Illuminate/Foundation/Http/Kernel.php(146): Illuminate\\Foundation\\Http\\Kernel->bootstrap()
#36 /Users/dataScienceDisco/Documents/LaravelProjects/awis/vendor/laravel/framework/src/Illuminate/Foundation/Http/Kernel.php(116): Illuminate\\Foundation\\Http\\Kernel->sendRequestThroughRouter(Object(Illuminate\\Http\\Request))
#37 /Users/dataScienceDisco/Documents/LaravelProjects/awis/public/index.php(55): Illuminate\\Foundation\\Http\\Kernel->handle(Object(Illuminate\\Http\\Request))
#38 /Users/dataScienceDisco/.composer/vendor/laravel/valet/server.php(151): require('/Users/dataScie...')
#39 {main}
"} 
[2019-01-11 06:13:04] local.ERROR: preg_match(): JIT compilation failed: no more memory {"exception":"[object] (ErrorException(code: 0): preg_match(): JIT compilation failed: no more memory at /Users/dataScienceDisco/Documents/LaravelProjects/awis/vendor/doctrine/inflector/lib/Doctrine/Common/Inflector/Inflector.php:472)
[stacktrace]
#0 [internal function]: Illuminate\\Foundation\\Bootstrap\\HandleExceptions->handleError(2, 'preg_match(): J...', '/Users/dataScie...', 472, Array)
#1 /Users/dataScienceDisco/Documents/LaravelProjects/awis/vendor/doctrine/inflector/lib/Doctrine/Common/Inflector/Inflector.php(472): preg_match('/^((?:.*[nrlm]e...', 'post', Array)
#2 /Users/dataScienceDisco/Documents/LaravelProjects/awis/vendor/laravel/framework/src/Illuminate/Support/Pluralizer.php(84): Doctrine\\Common\\Inflector\\Inflector::singularize('post')
#3 /Users/dataScienceDisco/Documents/LaravelProjects/awis/vendor/laravel/framework/src/Illuminate/Support/Str.php(407): Illuminate\\Support\\Pluralizer::singular('post')
#4 /Users/dataScienceDisco/Documents/LaravelProjects/awis/vendor/laravel/framework/src/Illuminate/Routing/ResourceRegistrar.php(345): Illuminate\\Support\\Str::singular('post')
#5 /Users/dataScienceDisco/Documents/LaravelProjects/awis/vendor/laravel/framework/src/Illuminate/Routing/ResourceRegistrar.php(91): Illuminate\\Routing\\ResourceRegistrar->getResourceWildcard('post')
#6 /Users/dataScienceDisco/Documents/LaravelProjects/awis/vendor/laravel/framework/src/Illuminate/Routing/PendingResourceRegistration.php(166): Illuminate\\Routing\\ResourceRegistrar->register('post', 'PostController', Array)
#7 /Users/dataScienceDisco/Documents/LaravelProjects/awis/vendor/laravel/framework/src/Illuminate/Routing/PendingResourceRegistration.php(178): Illuminate\\Routing\\PendingResourceRegistration->register()
#8 /Users/dataScienceDisco/Documents/LaravelProjects/awis/vendor/laravel/framework/src/Illuminate/Support/Facades/Facade.php(237): Illuminate\\Routing\\PendingResourceRegistration->__destruct()
#9 /Users/dataScienceDisco/Documents/LaravelProjects/awis/routes/web.php(18): Illuminate\\Support\\Facades\\Facade::__callStatic('resource', Array)
#10 /Users/dataScienceDisco/Documents/LaravelProjects/awis/vendor/laravel/framework/src/Illuminate/Routing/Router.php(417): require('/Users/dataScie...')
#11 /Users/dataScienceDisco/Documents/LaravelProjects/awis/vendor/laravel/framework/src/Illuminate/Routing/Router.php(373): Illuminate\\Routing\\Router->loadRoutes('/Users/dataScie...')
#12 /Users/dataScienceDisco/Documents/LaravelProjects/awis/vendor/laravel/framework/src/Illuminate/Routing/RouteRegistrar.php(121): Illuminate\\Routing\\Router->group(Array, '/Users/dataScie...')
#13 /Users/dataScienceDisco/Documents/LaravelProjects/awis/app/Providers/RouteServiceProvider.php(56): Illuminate\\Routing\\RouteRegistrar->group('/Users/dataScie...')
#14 /Users/dataScienceDisco/Documents/LaravelProjects/awis/app/Providers/RouteServiceProvider.php(40): App\\Providers\\RouteServiceProvider->mapWebRoutes()
#15 [internal function]: App\\Providers\\RouteServiceProvider->map()
#16 /Users/dataScienceDisco/Documents/LaravelProjects/awis/vendor/laravel/framework/src/Illuminate/Container/BoundMethod.php(29): call_user_func_array(Array, Array)
#17 /Users/dataScienceDisco/Documents/LaravelProjects/awis/vendor/laravel/framework/src/Illuminate/Container/BoundMethod.php(87): Illuminate\\Container\\BoundMethod::Illuminate\\Container\\{closure}()
#18 /Users/dataScienceDisco/Documents/LaravelProjects/awis/vendor/laravel/framework/src/Illuminate/Container/BoundMethod.php(31): Illuminate\\Container\\BoundMethod::callBoundMethod(Object(Illuminate\\Foundation\\Application), Array, Object(Closure))
#19 /Users/dataScienceDisco/Documents/LaravelProjects/awis/vendor/laravel/framework/src/Illuminate/Container/Container.php(572): Illuminate\\Container\\BoundMethod::call(Object(Illuminate\\Foundation\\Application), Array, Array, NULL)
#20 /Users/dataScienceDisco/Documents/LaravelProjects/awis/vendor/laravel/framework/src/Illuminate/Foundation/Support/Providers/RouteServiceProvider.php(77): Illuminate\\Container\\Container->call(Array)
#21 /Users/dataScienceDisco/Documents/LaravelProjects/awis/vendor/laravel/framework/src/Illuminate/Foundation/Support/Providers/RouteServiceProvider.php(36): Illuminate\\Foundation\\Support\\Providers\\RouteServiceProvider->loadRoutes()
#22 /Users/dataScienceDisco/Documents/LaravelProjects/awis/app/Providers/RouteServiceProvider.php(28): Illuminate\\Foundation\\Support\\Providers\\RouteServiceProvider->boot()
#23 [internal function]: App\\Providers\\RouteServiceProvider->boot()
#24 /Users/dataScienceDisco/Documents/LaravelProjects/awis/vendor/laravel/framework/src/Illuminate/Container/BoundMethod.php(29): call_user_func_array(Array, Array)
#25 /Users/dataScienceDisco/Documents/LaravelProjects/awis/vendor/laravel/framework/src/Illuminate/Container/BoundMethod.php(87): Illuminate\\Container\\BoundMethod::Illuminate\\Container\\{closure}()
#26 /Users/dataScienceDisco/Documents/LaravelProjects/awis/vendor/laravel/framework/src/Illuminate/Container/BoundMethod.php(31): Illuminate\\Container\\BoundMethod::callBoundMethod(Object(Illuminate\\Foundation\\Application), Array, Object(Closure))
#27 /Users/dataScienceDisco/Documents/LaravelProjects/awis/vendor/laravel/framework/src/Illuminate/Container/Container.php(572): Illuminate\\Container\\BoundMethod::call(Object(Illuminate\\Foundation\\Application), Array, Array, NULL)
#28 /Users/dataScienceDisco/Documents/LaravelProjects/awis/vendor/laravel/framework/src/Illuminate/Foundation/Application.php(795): Illuminate\\Container\\Container->call(Array)
#29 /Users/dataScienceDisco/Documents/LaravelProjects/awis/vendor/laravel/framework/src/Illuminate/Foundation/Application.php(778): Illuminate\\Foundation\\Application->bootProvider(Object(App\\Providers\\RouteServiceProvider))
#30 [internal function]: Illuminate\\Foundation\\Application->Illuminate\\Foundation\\{closure}(Object(App\\Providers\\RouteServiceProvider), 22)
#31 /Users/dataScienceDisco/Documents/LaravelProjects/awis/vendor/laravel/framework/src/Illuminate/Foundation/Application.php(779): array_walk(Array, Object(Closure))
#32 /Users/dataScienceDisco/Documents/LaravelProjects/awis/vendor/laravel/framework/src/Illuminate/Foundation/Bootstrap/BootProviders.php(17): Illuminate\\Foundation\\Application->boot()
#33 /Users/dataScienceDisco/Documents/LaravelProjects/awis/vendor/laravel/framework/src/Illuminate/Foundation/Application.php(204): Illuminate\\Foundation\\Bootstrap\\BootProviders->bootstrap(Object(Illuminate\\Foundation\\Application))
#34 /Users/dataScienceDisco/Documents/LaravelProjects/awis/vendor/laravel/framework/src/Illuminate/Foundation/Http/Kernel.php(162): Illuminate\\Foundation\\Application->bootstrapWith(Array)
#35 /Users/dataScienceDisco/Documents/LaravelProjects/awis/vendor/laravel/framework/src/Illuminate/Foundation/Http/Kernel.php(146): Illuminate\\Foundation\\Http\\Kernel->bootstrap()
#36 /Users/dataScienceDisco/Documents/LaravelProjects/awis/vendor/laravel/framework/src/Illuminate/Foundation/Http/Kernel.php(116): Illuminate\\Foundation\\Http\\Kernel->sendRequestThroughRouter(Object(Illuminate\\Http\\Request))
#37 /Users/dataScienceDisco/Documents/LaravelProjects/awis/public/index.php(55): Illuminate\\Foundation\\Http\\Kernel->handle(Object(Illuminate\\Http\\Request))
#38 /Users/dataScienceDisco/.composer/vendor/laravel/valet/server.php(151): require('/Users/dataScie...')
#39 {main}
"} 
[2019-01-11 06:16:52] local.ERROR: preg_match(): JIT compilation failed: no more memory {"exception":"[object] (ErrorException(code: 0): preg_match(): JIT compilation failed: no more memory at /Users/dataScienceDisco/Documents/LaravelProjects/awis/vendor/doctrine/inflector/lib/Doctrine/Common/Inflector/Inflector.php:479)
[stacktrace]
#0 [internal function]: Illuminate\\Foundation\\Bootstrap\\HandleExceptions->handleError(2, 'preg_match(): J...', '/Users/dataScie...', 479, Array)
#1 /Users/dataScienceDisco/Documents/LaravelProjects/awis/vendor/doctrine/inflector/lib/Doctrine/Common/Inflector/Inflector.php(479): preg_match('/([^a])uses$/', 'post')
#2 /Users/dataScienceDisco/Documents/LaravelProjects/awis/vendor/laravel/framework/src/Illuminate/Support/Pluralizer.php(84): Doctrine\\Common\\Inflector\\Inflector::singularize('post')
#3 /Users/dataScienceDisco/Documents/LaravelProjects/awis/vendor/laravel/framework/src/Illuminate/Support/Str.php(407): Illuminate\\Support\\Pluralizer::singular('post')
#4 /Users/dataScienceDisco/Documents/LaravelProjects/awis/vendor/laravel/framework/src/Illuminate/Routing/ResourceRegistrar.php(345): Illuminate\\Support\\Str::singular('post')
#5 /Users/dataScienceDisco/Documents/LaravelProjects/awis/vendor/laravel/framework/src/Illuminate/Routing/ResourceRegistrar.php(91): Illuminate\\Routing\\ResourceRegistrar->getResourceWildcard('post')
#6 /Users/dataScienceDisco/Documents/LaravelProjects/awis/vendor/laravel/framework/src/Illuminate/Routing/PendingResourceRegistration.php(166): Illuminate\\Routing\\ResourceRegistrar->register('post', 'PostController', Array)
#7 /Users/dataScienceDisco/Documents/LaravelProjects/awis/vendor/laravel/framework/src/Illuminate/Routing/PendingResourceRegistration.php(178): Illuminate\\Routing\\PendingResourceRegistration->register()
#8 /Users/dataScienceDisco/Documents/LaravelProjects/awis/vendor/laravel/framework/src/Illuminate/Support/Facades/Facade.php(237): Illuminate\\Routing\\PendingResourceRegistration->__destruct()
#9 /Users/dataScienceDisco/Documents/LaravelProjects/awis/routes/web.php(18): Illuminate\\Support\\Facades\\Facade::__callStatic('resource', Array)
#10 /Users/dataScienceDisco/Documents/LaravelProjects/awis/vendor/laravel/framework/src/Illuminate/Routing/Router.php(417): require('/Users/dataScie...')
#11 /Users/dataScienceDisco/Documents/LaravelProjects/awis/vendor/laravel/framework/src/Illuminate/Routing/Router.php(373): Illuminate\\Routing\\Router->loadRoutes('/Users/dataScie...')
#12 /Users/dataScienceDisco/Documents/LaravelProjects/awis/vendor/laravel/framework/src/Illuminate/Routing/RouteRegistrar.php(121): Illuminate\\Routing\\Router->group(Array, '/Users/dataScie...')
#13 /Users/dataScienceDisco/Documents/LaravelProjects/awis/app/Providers/RouteServiceProvider.php(56): Illuminate\\Routing\\RouteRegistrar->group('/Users/dataScie...')
#14 /Users/dataScienceDisco/Documents/LaravelProjects/awis/app/Providers/RouteServiceProvider.php(40): App\\Providers\\RouteServiceProvider->mapWebRoutes()
#15 [internal function]: App\\Providers\\RouteServiceProvider->map()
#16 /Users/dataScienceDisco/Documents/LaravelProjects/awis/vendor/laravel/framework/src/Illuminate/Container/BoundMethod.php(29): call_user_func_array(Array, Array)
#17 /Users/dataScienceDisco/Documents/LaravelProjects/awis/vendor/laravel/framework/src/Illuminate/Container/BoundMethod.php(87): Illuminate\\Container\\BoundMethod::Illuminate\\Container\\{closure}()
#18 /Users/dataScienceDisco/Documents/LaravelProjects/awis/vendor/laravel/framework/src/Illuminate/Container/BoundMethod.php(31): Illuminate\\Container\\BoundMethod::callBoundMethod(Object(Illuminate\\Foundation\\Application), Array, Object(Closure))
#19 /Users/dataScienceDisco/Documents/LaravelProjects/awis/vendor/laravel/framework/src/Illuminate/Container/Container.php(572): Illuminate\\Container\\BoundMethod::call(Object(Illuminate\\Foundation\\Application), Array, Array, NULL)
#20 /Users/dataScienceDisco/Documents/LaravelProjects/awis/vendor/laravel/framework/src/Illuminate/Foundation/Support/Providers/RouteServiceProvider.php(77): Illuminate\\Container\\Container->call(Array)
#21 /Users/dataScienceDisco/Documents/LaravelProjects/awis/vendor/laravel/framework/src/Illuminate/Foundation/Support/Providers/RouteServiceProvider.php(36): Illuminate\\Foundation\\Support\\Providers\\RouteServiceProvider->loadRoutes()
#22 /Users/dataScienceDisco/Documents/LaravelProjects/awis/app/Providers/RouteServiceProvider.php(28): Illuminate\\Foundation\\Support\\Providers\\RouteServiceProvider->boot()
#23 [internal function]: App\\Providers\\RouteServiceProvider->boot()
#24 /Users/dataScienceDisco/Documents/LaravelProjects/awis/vendor/laravel/framework/src/Illuminate/Container/BoundMethod.php(29): call_user_func_array(Array, Array)
#25 /Users/dataScienceDisco/Documents/LaravelProjects/awis/vendor/laravel/framework/src/Illuminate/Container/BoundMethod.php(87): Illuminate\\Container\\BoundMethod::Illuminate\\Container\\{closure}()
#26 /Users/dataScienceDisco/Documents/LaravelProjects/awis/vendor/laravel/framework/src/Illuminate/Container/BoundMethod.php(31): Illuminate\\Container\\BoundMethod::callBoundMethod(Object(Illuminate\\Foundation\\Application), Array, Object(Closure))
#27 /Users/dataScienceDisco/Documents/LaravelProjects/awis/vendor/laravel/framework/src/Illuminate/Container/Container.php(572): Illuminate\\Container\\BoundMethod::call(Object(Illuminate\\Foundation\\Application), Array, Array, NULL)
#28 /Users/dataScienceDisco/Documents/LaravelProjects/awis/vendor/laravel/framework/src/Illuminate/Foundation/Application.php(795): Illuminate\\Container\\Container->call(Array)
#29 /Users/dataScienceDisco/Documents/LaravelProjects/awis/vendor/laravel/framework/src/Illuminate/Foundation/Application.php(778): Illuminate\\Foundation\\Application->bootProvider(Object(App\\Providers\\RouteServiceProvider))
#30 [internal function]: Illuminate\\Foundation\\Application->Illuminate\\Foundation\\{closure}(Object(App\\Providers\\RouteServiceProvider), 22)
#31 /Users/dataScienceDisco/Documents/LaravelProjects/awis/vendor/laravel/framework/src/Illuminate/Foundation/Application.php(779): array_walk(Array, Object(Closure))
#32 /Users/dataScienceDisco/Documents/LaravelProjects/awis/vendor/laravel/framework/src/Illuminate/Foundation/Bootstrap/BootProviders.php(17): Illuminate\\Foundation\\Application->boot()
#33 /Users/dataScienceDisco/Documents/LaravelProjects/awis/vendor/laravel/framework/src/Illuminate/Foundation/Application.php(204): Illuminate\\Foundation\\Bootstrap\\BootProviders->bootstrap(Object(Illuminate\\Foundation\\Application))
#34 /Users/dataScienceDisco/Documents/LaravelProjects/awis/vendor/laravel/framework/src/Illuminate/Foundation/Http/Kernel.php(162): Illuminate\\Foundation\\Application->bootstrapWith(Array)
#35 /Users/dataScienceDisco/Documents/LaravelProjects/awis/vendor/laravel/framework/src/Illuminate/Foundation/Http/Kernel.php(146): Illuminate\\Foundation\\Http\\Kernel->bootstrap()
#36 /Users/dataScienceDisco/Documents/LaravelProjects/awis/vendor/laravel/framework/src/Illuminate/Foundation/Http/Kernel.php(116): Illuminate\\Foundation\\Http\\Kernel->sendRequestThroughRouter(Object(Illuminate\\Http\\Request))
#37 /Users/dataScienceDisco/Documents/LaravelProjects/awis/public/index.php(55): Illuminate\\Foundation\\Http\\Kernel->handle(Object(Illuminate\\Http\\Request))
#38 /Users/dataScienceDisco/.composer/vendor/laravel/valet/server.php(151): require('/Users/dataScie...')
#39 {main}
"} 
[2019-01-11 06:16:56] local.ERROR: preg_match(): JIT compilation failed: no more memory {"exception":"[object] (ErrorException(code: 0): preg_match(): JIT compilation failed: no more memory at /Users/dataScienceDisco/Documents/LaravelProjects/awis/vendor/doctrine/inflector/lib/Doctrine/Common/Inflector/Inflector.php:479)
[stacktrace]
#0 [internal function]: Illuminate\\Foundation\\Bootstrap\\HandleExceptions->handleError(2, 'preg_match(): J...', '/Users/dataScie...', 479, Array)
#1 /Users/dataScienceDisco/Documents/LaravelProjects/awis/vendor/doctrine/inflector/lib/Doctrine/Common/Inflector/Inflector.php(479): preg_match('/(vert|ind)ices...', 'post')
#2 /Users/dataScienceDisco/Documents/LaravelProjects/awis/vendor/laravel/framework/src/Illuminate/Support/Pluralizer.php(84): Doctrine\\Common\\Inflector\\Inflector::singularize('post')
#3 /Users/dataScienceDisco/Documents/LaravelProjects/awis/vendor/laravel/framework/src/Illuminate/Support/Str.php(407): Illuminate\\Support\\Pluralizer::singular('post')
#4 /Users/dataScienceDisco/Documents/LaravelProjects/awis/vendor/laravel/framework/src/Illuminate/Routing/ResourceRegistrar.php(345): Illuminate\\Support\\Str::singular('post')
#5 /Users/dataScienceDisco/Documents/LaravelProjects/awis/vendor/laravel/framework/src/Illuminate/Routing/ResourceRegistrar.php(91): Illuminate\\Routing\\ResourceRegistrar->getResourceWildcard('post')
#6 /Users/dataScienceDisco/Documents/LaravelProjects/awis/vendor/laravel/framework/src/Illuminate/Routing/PendingResourceRegistration.php(166): Illuminate\\Routing\\ResourceRegistrar->register('post', 'PostController', Array)
#7 /Users/dataScienceDisco/Documents/LaravelProjects/awis/vendor/laravel/framework/src/Illuminate/Routing/PendingResourceRegistration.php(178): Illuminate\\Routing\\PendingResourceRegistration->register()
#8 /Users/dataScienceDisco/Documents/LaravelProjects/awis/vendor/laravel/framework/src/Illuminate/Support/Facades/Facade.php(237): Illuminate\\Routing\\PendingResourceRegistration->__destruct()
#9 /Users/dataScienceDisco/Documents/LaravelProjects/awis/routes/web.php(18): Illuminate\\Support\\Facades\\Facade::__callStatic('resource', Array)
#10 /Users/dataScienceDisco/Documents/LaravelProjects/awis/vendor/laravel/framework/src/Illuminate/Routing/Router.php(417): require('/Users/dataScie...')
#11 /Users/dataScienceDisco/Documents/LaravelProjects/awis/vendor/laravel/framework/src/Illuminate/Routing/Router.php(373): Illuminate\\Routing\\Router->loadRoutes('/Users/dataScie...')
#12 /Users/dataScienceDisco/Documents/LaravelProjects/awis/vendor/laravel/framework/src/Illuminate/Routing/RouteRegistrar.php(121): Illuminate\\Routing\\Router->group(Array, '/Users/dataScie...')
#13 /Users/dataScienceDisco/Documents/LaravelProjects/awis/app/Providers/RouteServiceProvider.php(56): Illuminate\\Routing\\RouteRegistrar->group('/Users/dataScie...')
#14 /Users/dataScienceDisco/Documents/LaravelProjects/awis/app/Providers/RouteServiceProvider.php(40): App\\Providers\\RouteServiceProvider->mapWebRoutes()
#15 [internal function]: App\\Providers\\RouteServiceProvider->map()
#16 /Users/dataScienceDisco/Documents/LaravelProjects/awis/vendor/laravel/framework/src/Illuminate/Container/BoundMethod.php(29): call_user_func_array(Array, Array)
#17 /Users/dataScienceDisco/Documents/LaravelProjects/awis/vendor/laravel/framework/src/Illuminate/Container/BoundMethod.php(87): Illuminate\\Container\\BoundMethod::Illuminate\\Container\\{closure}()
#18 /Users/dataScienceDisco/Documents/LaravelProjects/awis/vendor/laravel/framework/src/Illuminate/Container/BoundMethod.php(31): Illuminate\\Container\\BoundMethod::callBoundMethod(Object(Illuminate\\Foundation\\Application), Array, Object(Closure))
#19 /Users/dataScienceDisco/Documents/LaravelProjects/awis/vendor/laravel/framework/src/Illuminate/Container/Container.php(572): Illuminate\\Container\\BoundMethod::call(Object(Illuminate\\Foundation\\Application), Array, Array, NULL)
#20 /Users/dataScienceDisco/Documents/LaravelProjects/awis/vendor/laravel/framework/src/Illuminate/Foundation/Support/Providers/RouteServiceProvider.php(77): Illuminate\\Container\\Container->call(Array)
#21 /Users/dataScienceDisco/Documents/LaravelProjects/awis/vendor/laravel/framework/src/Illuminate/Foundation/Support/Providers/RouteServiceProvider.php(36): Illuminate\\Foundation\\Support\\Providers\\RouteServiceProvider->loadRoutes()
#22 /Users/dataScienceDisco/Documents/LaravelProjects/awis/app/Providers/RouteServiceProvider.php(28): Illuminate\\Foundation\\Support\\Providers\\RouteServiceProvider->boot()
#23 [internal function]: App\\Providers\\RouteServiceProvider->boot()
#24 /Users/dataScienceDisco/Documents/LaravelProjects/awis/vendor/laravel/framework/src/Illuminate/Container/BoundMethod.php(29): call_user_func_array(Array, Array)
#25 /Users/dataScienceDisco/Documents/LaravelProjects/awis/vendor/laravel/framework/src/Illuminate/Container/BoundMethod.php(87): Illuminate\\Container\\BoundMethod::Illuminate\\Container\\{closure}()
#26 /Users/dataScienceDisco/Documents/LaravelProjects/awis/vendor/laravel/framework/src/Illuminate/Container/BoundMethod.php(31): Illuminate\\Container\\BoundMethod::callBoundMethod(Object(Illuminate\\Foundation\\Application), Array, Object(Closure))
#27 /Users/dataScienceDisco/Documents/LaravelProjects/awis/vendor/laravel/framework/src/Illuminate/Container/Container.php(572): Illuminate\\Container\\BoundMethod::call(Object(Illuminate\\Foundation\\Application), Array, Array, NULL)
#28 /Users/dataScienceDisco/Documents/LaravelProjects/awis/vendor/laravel/framework/src/Illuminate/Foundation/Application.php(795): Illuminate\\Container\\Container->call(Array)
#29 /Users/dataScienceDisco/Documents/LaravelProjects/awis/vendor/laravel/framework/src/Illuminate/Foundation/Application.php(778): Illuminate\\Foundation\\Application->bootProvider(Object(App\\Providers\\RouteServiceProvider))
#30 [internal function]: Illuminate\\Foundation\\Application->Illuminate\\Foundation\\{closure}(Object(App\\Providers\\RouteServiceProvider), 22)
#31 /Users/dataScienceDisco/Documents/LaravelProjects/awis/vendor/laravel/framework/src/Illuminate/Foundation/Application.php(779): array_walk(Array, Object(Closure))
#32 /Users/dataScienceDisco/Documents/LaravelProjects/awis/vendor/laravel/framework/src/Illuminate/Foundation/Bootstrap/BootProviders.php(17): Illuminate\\Foundation\\Application->boot()
#33 /Users/dataScienceDisco/Documents/LaravelProjects/awis/vendor/laravel/framework/src/Illuminate/Foundation/Application.php(204): Illuminate\\Foundation\\Bootstrap\\BootProviders->bootstrap(Object(Illuminate\\Foundation\\Application))
#34 /Users/dataScienceDisco/Documents/LaravelProjects/awis/vendor/laravel/framework/src/Illuminate/Foundation/Http/Kernel.php(162): Illuminate\\Foundation\\Application->bootstrapWith(Array)
#35 /Users/dataScienceDisco/Documents/LaravelProjects/awis/vendor/laravel/framework/src/Illuminate/Foundation/Http/Kernel.php(146): Illuminate\\Foundation\\Http\\Kernel->bootstrap()
#36 /Users/dataScienceDisco/Documents/LaravelProjects/awis/vendor/laravel/framework/src/Illuminate/Foundation/Http/Kernel.php(116): Illuminate\\Foundation\\Http\\Kernel->sendRequestThroughRouter(Object(Illuminate\\Http\\Request))
#37 /Users/dataScienceDisco/Documents/LaravelProjects/awis/public/index.php(55): Illuminate\\Foundation\\Http\\Kernel->handle(Object(Illuminate\\Http\\Request))
#38 /Users/dataScienceDisco/.composer/vendor/laravel/valet/server.php(151): require('/Users/dataScie...')
#39 {main}
"} 
[2019-01-11 06:19:23] local.ERROR: preg_match(): JIT compilation failed: no more memory {"exception":"[object] (ErrorException(code: 0): preg_match(): JIT compilation failed: no more memory at /Users/dataScienceDisco/Documents/LaravelProjects/awis/vendor/doctrine/inflector/lib/Doctrine/Common/Inflector/Inflector.php:479)
[stacktrace]
#0 [internal function]: Illuminate\\Foundation\\Bootstrap\\HandleExceptions->handleError(2, 'preg_match(): J...', '/Users/dataScie...', 479, Array)
#1 /Users/dataScienceDisco/Documents/LaravelProjects/awis/vendor/doctrine/inflector/lib/Doctrine/Common/Inflector/Inflector.php(479): preg_match('/^(ox)en/i', 'post')
#2 /Users/dataScienceDisco/Documents/LaravelProjects/awis/vendor/laravel/framework/src/Illuminate/Support/Pluralizer.php(84): Doctrine\\Common\\Inflector\\Inflector::singularize('post')
#3 /Users/dataScienceDisco/Documents/LaravelProjects/awis/vendor/laravel/framework/src/Illuminate/Support/Str.php(407): Illuminate\\Support\\Pluralizer::singular('post')
#4 /Users/dataScienceDisco/Documents/LaravelProjects/awis/vendor/laravel/framework/src/Illuminate/Routing/ResourceRegistrar.php(345): Illuminate\\Support\\Str::singular('post')
#5 /Users/dataScienceDisco/Documents/LaravelProjects/awis/vendor/laravel/framework/src/Illuminate/Routing/ResourceRegistrar.php(91): Illuminate\\Routing\\ResourceRegistrar->getResourceWildcard('post')
#6 /Users/dataScienceDisco/Documents/LaravelProjects/awis/vendor/laravel/framework/src/Illuminate/Routing/PendingResourceRegistration.php(166): Illuminate\\Routing\\ResourceRegistrar->register('post', 'PostController', Array)
#7 /Users/dataScienceDisco/Documents/LaravelProjects/awis/vendor/laravel/framework/src/Illuminate/Routing/PendingResourceRegistration.php(178): Illuminate\\Routing\\PendingResourceRegistration->register()
#8 /Users/dataScienceDisco/Documents/LaravelProjects/awis/vendor/laravel/framework/src/Illuminate/Support/Facades/Facade.php(237): Illuminate\\Routing\\PendingResourceRegistration->__destruct()
#9 /Users/dataScienceDisco/Documents/LaravelProjects/awis/routes/web.php(18): Illuminate\\Support\\Facades\\Facade::__callStatic('resource', Array)
#10 /Users/dataScienceDisco/Documents/LaravelProjects/awis/vendor/laravel/framework/src/Illuminate/Routing/Router.php(417): require('/Users/dataScie...')
#11 /Users/dataScienceDisco/Documents/LaravelProjects/awis/vendor/laravel/framework/src/Illuminate/Routing/Router.php(373): Illuminate\\Routing\\Router->loadRoutes('/Users/dataScie...')
#12 /Users/dataScienceDisco/Documents/LaravelProjects/awis/vendor/laravel/framework/src/Illuminate/Routing/RouteRegistrar.php(121): Illuminate\\Routing\\Router->group(Array, '/Users/dataScie...')
#13 /Users/dataScienceDisco/Documents/LaravelProjects/awis/app/Providers/RouteServiceProvider.php(56): Illuminate\\Routing\\RouteRegistrar->group('/Users/dataScie...')
#14 /Users/dataScienceDisco/Documents/LaravelProjects/awis/app/Providers/RouteServiceProvider.php(40): App\\Providers\\RouteServiceProvider->mapWebRoutes()
#15 [internal function]: App\\Providers\\RouteServiceProvider->map()
#16 /Users/dataScienceDisco/Documents/LaravelProjects/awis/vendor/laravel/framework/src/Illuminate/Container/BoundMethod.php(29): call_user_func_array(Array, Array)
#17 /Users/dataScienceDisco/Documents/LaravelProjects/awis/vendor/laravel/framework/src/Illuminate/Container/BoundMethod.php(87): Illuminate\\Container\\BoundMethod::Illuminate\\Container\\{closure}()
#18 /Users/dataScienceDisco/Documents/LaravelProjects/awis/vendor/laravel/framework/src/Illuminate/Container/BoundMethod.php(31): Illuminate\\Container\\BoundMethod::callBoundMethod(Object(Illuminate\\Foundation\\Application), Array, Object(Closure))
#19 /Users/dataScienceDisco/Documents/LaravelProjects/awis/vendor/laravel/framework/src/Illuminate/Container/Container.php(572): Illuminate\\Container\\BoundMethod::call(Object(Illuminate\\Foundation\\Application), Array, Array, NULL)
#20 /Users/dataScienceDisco/Documents/LaravelProjects/awis/vendor/laravel/framework/src/Illuminate/Foundation/Support/Providers/RouteServiceProvider.php(77): Illuminate\\Container\\Container->call(Array)
#21 /Users/dataScienceDisco/Documents/LaravelProjects/awis/vendor/laravel/framework/src/Illuminate/Foundation/Support/Providers/RouteServiceProvider.php(36): Illuminate\\Foundation\\Support\\Providers\\RouteServiceProvider->loadRoutes()
#22 /Users/dataScienceDisco/Documents/LaravelProjects/awis/app/Providers/RouteServiceProvider.php(28): Illuminate\\Foundation\\Support\\Providers\\RouteServiceProvider->boot()
#23 [internal function]: App\\Providers\\RouteServiceProvider->boot()
#24 /Users/dataScienceDisco/Documents/LaravelProjects/awis/vendor/laravel/framework/src/Illuminate/Container/BoundMethod.php(29): call_user_func_array(Array, Array)
#25 /Users/dataScienceDisco/Documents/LaravelProjects/awis/vendor/laravel/framework/src/Illuminate/Container/BoundMethod.php(87): Illuminate\\Container\\BoundMethod::Illuminate\\Container\\{closure}()
#26 /Users/dataScienceDisco/Documents/LaravelProjects/awis/vendor/laravel/framework/src/Illuminate/Container/BoundMethod.php(31): Illuminate\\Container\\BoundMethod::callBoundMethod(Object(Illuminate\\Foundation\\Application), Array, Object(Closure))
#27 /Users/dataScienceDisco/Documents/LaravelProjects/awis/vendor/laravel/framework/src/Illuminate/Container/Container.php(572): Illuminate\\Container\\BoundMethod::call(Object(Illuminate\\Foundation\\Application), Array, Array, NULL)
#28 /Users/dataScienceDisco/Documents/LaravelProjects/awis/vendor/laravel/framework/src/Illuminate/Foundation/Application.php(795): Illuminate\\Container\\Container->call(Array)
#29 /Users/dataScienceDisco/Documents/LaravelProjects/awis/vendor/laravel/framework/src/Illuminate/Foundation/Application.php(778): Illuminate\\Foundation\\Application->bootProvider(Object(App\\Providers\\RouteServiceProvider))
#30 [internal function]: Illuminate\\Foundation\\Application->Illuminate\\Foundation\\{closure}(Object(App\\Providers\\RouteServiceProvider), 22)
#31 /Users/dataScienceDisco/Documents/LaravelProjects/awis/vendor/laravel/framework/src/Illuminate/Foundation/Application.php(779): array_walk(Array, Object(Closure))
#32 /Users/dataScienceDisco/Documents/LaravelProjects/awis/vendor/laravel/framework/src/Illuminate/Foundation/Bootstrap/BootProviders.php(17): Illuminate\\Foundation\\Application->boot()
#33 /Users/dataScienceDisco/Documents/LaravelProjects/awis/vendor/laravel/framework/src/Illuminate/Foundation/Application.php(204): Illuminate\\Foundation\\Bootstrap\\BootProviders->bootstrap(Object(Illuminate\\Foundation\\Application))
#34 /Users/dataScienceDisco/Documents/LaravelProjects/awis/vendor/laravel/framework/src/Illuminate/Foundation/Http/Kernel.php(162): Illuminate\\Foundation\\Application->bootstrapWith(Array)
#35 /Users/dataScienceDisco/Documents/LaravelProjects/awis/vendor/laravel/framework/src/Illuminate/Foundation/Http/Kernel.php(146): Illuminate\\Foundation\\Http\\Kernel->bootstrap()
#36 /Users/dataScienceDisco/Documents/LaravelProjects/awis/vendor/laravel/framework/src/Illuminate/Foundation/Http/Kernel.php(116): Illuminate\\Foundation\\Http\\Kernel->sendRequestThroughRouter(Object(Illuminate\\Http\\Request))
#37 /Users/dataScienceDisco/Documents/LaravelProjects/awis/public/index.php(55): Illuminate\\Foundation\\Http\\Kernel->handle(Object(Illuminate\\Http\\Request))
#38 /Users/dataScienceDisco/.composer/vendor/laravel/valet/server.php(151): require('/Users/dataScie...')
#39 {main}
"} 
[2019-01-11 06:19:26] local.ERROR: preg_match(): JIT compilation failed: no more memory {"exception":"[object] (ErrorException(code: 0): preg_match(): JIT compilation failed: no more memory at /Users/dataScienceDisco/Documents/LaravelProjects/awis/vendor/doctrine/inflector/lib/Doctrine/Common/Inflector/Inflector.php:479)
[stacktrace]
#0 [internal function]: Illuminate\\Foundation\\Bootstrap\\HandleExceptions->handleError(2, 'preg_match(): J...', '/Users/dataScie...', 479, Array)
#1 /Users/dataScienceDisco/Documents/LaravelProjects/awis/vendor/doctrine/inflector/lib/Doctrine/Common/Inflector/Inflector.php(479): preg_match('/(alias)(es)*$/...', 'post')
#2 /Users/dataScienceDisco/Documents/LaravelProjects/awis/vendor/laravel/framework/src/Illuminate/Support/Pluralizer.php(84): Doctrine\\Common\\Inflector\\Inflector::singularize('post')
#3 /Users/dataScienceDisco/Documents/LaravelProjects/awis/vendor/laravel/framework/src/Illuminate/Support/Str.php(407): Illuminate\\Support\\Pluralizer::singular('post')
#4 /Users/dataScienceDisco/Documents/LaravelProjects/awis/vendor/laravel/framework/src/Illuminate/Routing/ResourceRegistrar.php(345): Illuminate\\Support\\Str::singular('post')
#5 /Users/dataScienceDisco/Documents/LaravelProjects/awis/vendor/laravel/framework/src/Illuminate/Routing/ResourceRegistrar.php(91): Illuminate\\Routing\\ResourceRegistrar->getResourceWildcard('post')
#6 /Users/dataScienceDisco/Documents/LaravelProjects/awis/vendor/laravel/framework/src/Illuminate/Routing/PendingResourceRegistration.php(166): Illuminate\\Routing\\ResourceRegistrar->register('post', 'PostController', Array)
#7 /Users/dataScienceDisco/Documents/LaravelProjects/awis/vendor/laravel/framework/src/Illuminate/Routing/PendingResourceRegistration.php(178): Illuminate\\Routing\\PendingResourceRegistration->register()
#8 /Users/dataScienceDisco/Documents/LaravelProjects/awis/vendor/laravel/framework/src/Illuminate/Support/Facades/Facade.php(237): Illuminate\\Routing\\PendingResourceRegistration->__destruct()
#9 /Users/dataScienceDisco/Documents/LaravelProjects/awis/routes/web.php(18): Illuminate\\Support\\Facades\\Facade::__callStatic('resource', Array)
#10 /Users/dataScienceDisco/Documents/LaravelProjects/awis/vendor/laravel/framework/src/Illuminate/Routing/Router.php(417): require('/Users/dataScie...')
#11 /Users/dataScienceDisco/Documents/LaravelProjects/awis/vendor/laravel/framework/src/Illuminate/Routing/Router.php(373): Illuminate\\Routing\\Router->loadRoutes('/Users/dataScie...')
#12 /Users/dataScienceDisco/Documents/LaravelProjects/awis/vendor/laravel/framework/src/Illuminate/Routing/RouteRegistrar.php(121): Illuminate\\Routing\\Router->group(Array, '/Users/dataScie...')
#13 /Users/dataScienceDisco/Documents/LaravelProjects/awis/app/Providers/RouteServiceProvider.php(56): Illuminate\\Routing\\RouteRegistrar->group('/Users/dataScie...')
#14 /Users/dataScienceDisco/Documents/LaravelProjects/awis/app/Providers/RouteServiceProvider.php(40): App\\Providers\\RouteServiceProvider->mapWebRoutes()
#15 [internal function]: App\\Providers\\RouteServiceProvider->map()
#16 /Users/dataScienceDisco/Documents/LaravelProjects/awis/vendor/laravel/framework/src/Illuminate/Container/BoundMethod.php(29): call_user_func_array(Array, Array)
#17 /Users/dataScienceDisco/Documents/LaravelProjects/awis/vendor/laravel/framework/src/Illuminate/Container/BoundMethod.php(87): Illuminate\\Container\\BoundMethod::Illuminate\\Container\\{closure}()
#18 /Users/dataScienceDisco/Documents/LaravelProjects/awis/vendor/laravel/framework/src/Illuminate/Container/BoundMethod.php(31): Illuminate\\Container\\BoundMethod::callBoundMethod(Object(Illuminate\\Foundation\\Application), Array, Object(Closure))
#19 /Users/dataScienceDisco/Documents/LaravelProjects/awis/vendor/laravel/framework/src/Illuminate/Container/Container.php(572): Illuminate\\Container\\BoundMethod::call(Object(Illuminate\\Foundation\\Application), Array, Array, NULL)
#20 /Users/dataScienceDisco/Documents/LaravelProjects/awis/vendor/laravel/framework/src/Illuminate/Foundation/Support/Providers/RouteServiceProvider.php(77): Illuminate\\Container\\Container->call(Array)
#21 /Users/dataScienceDisco/Documents/LaravelProjects/awis/vendor/laravel/framework/src/Illuminate/Foundation/Support/Providers/RouteServiceProvider.php(36): Illuminate\\Foundation\\Support\\Providers\\RouteServiceProvider->loadRoutes()
#22 /Users/dataScienceDisco/Documents/LaravelProjects/awis/app/Providers/RouteServiceProvider.php(28): Illuminate\\Foundation\\Support\\Providers\\RouteServiceProvider->boot()
#23 [internal function]: App\\Providers\\RouteServiceProvider->boot()
#24 /Users/dataScienceDisco/Documents/LaravelProjects/awis/vendor/laravel/framework/src/Illuminate/Container/BoundMethod.php(29): call_user_func_array(Array, Array)
#25 /Users/dataScienceDisco/Documents/LaravelProjects/awis/vendor/laravel/framework/src/Illuminate/Container/BoundMethod.php(87): Illuminate\\Container\\BoundMethod::Illuminate\\Container\\{closure}()
#26 /Users/dataScienceDisco/Documents/LaravelProjects/awis/vendor/laravel/framework/src/Illuminate/Container/BoundMethod.php(31): Illuminate\\Container\\BoundMethod::callBoundMethod(Object(Illuminate\\Foundation\\Application), Array, Object(Closure))
#27 /Users/dataScienceDisco/Documents/LaravelProjects/awis/vendor/laravel/framework/src/Illuminate/Container/Container.php(572): Illuminate\\Container\\BoundMethod::call(Object(Illuminate\\Foundation\\Application), Array, Array, NULL)
#28 /Users/dataScienceDisco/Documents/LaravelProjects/awis/vendor/laravel/framework/src/Illuminate/Foundation/Application.php(795): Illuminate\\Container\\Container->call(Array)
#29 /Users/dataScienceDisco/Documents/LaravelProjects/awis/vendor/laravel/framework/src/Illuminate/Foundation/Application.php(778): Illuminate\\Foundation\\Application->bootProvider(Object(App\\Providers\\RouteServiceProvider))
#30 [internal function]: Illuminate\\Foundation\\Application->Illuminate\\Foundation\\{closure}(Object(App\\Providers\\RouteServiceProvider), 22)
#31 /Users/dataScienceDisco/Documents/LaravelProjects/awis/vendor/laravel/framework/src/Illuminate/Foundation/Application.php(779): array_walk(Array, Object(Closure))
#32 /Users/dataScienceDisco/Documents/LaravelProjects/awis/vendor/laravel/framework/src/Illuminate/Foundation/Bootstrap/BootProviders.php(17): Illuminate\\Foundation\\Application->boot()
#33 /Users/dataScienceDisco/Documents/LaravelProjects/awis/vendor/laravel/framework/src/Illuminate/Foundation/Application.php(204): Illuminate\\Foundation\\Bootstrap\\BootProviders->bootstrap(Object(Illuminate\\Foundation\\Application))
#34 /Users/dataScienceDisco/Documents/LaravelProjects/awis/vendor/laravel/framework/src/Illuminate/Foundation/Http/Kernel.php(162): Illuminate\\Foundation\\Application->bootstrapWith(Array)
#35 /Users/dataScienceDisco/Documents/LaravelProjects/awis/vendor/laravel/framework/src/Illuminate/Foundation/Http/Kernel.php(146): Illuminate\\Foundation\\Http\\Kernel->bootstrap()
#36 /Users/dataScienceDisco/Documents/LaravelProjects/awis/vendor/laravel/framework/src/Illuminate/Foundation/Http/Kernel.php(116): Illuminate\\Foundation\\Http\\Kernel->sendRequestThroughRouter(Object(Illuminate\\Http\\Request))
#37 /Users/dataScienceDisco/Documents/LaravelProjects/awis/public/index.php(55): Illuminate\\Foundation\\Http\\Kernel->handle(Object(Illuminate\\Http\\Request))
#38 /Users/dataScienceDisco/.composer/vendor/laravel/valet/server.php(151): require('/Users/dataScie...')
#39 {main}
"} 
[2019-01-11 06:19:30] local.ERROR: preg_match(): JIT compilation failed: no more memory {"exception":"[object] (ErrorException(code: 0): preg_match(): JIT compilation failed: no more memory at /Users/dataScienceDisco/Documents/LaravelProjects/awis/vendor/doctrine/inflector/lib/Doctrine/Common/Inflector/Inflector.php:479)
[stacktrace]
#0 [internal function]: Illuminate\\Foundation\\Bootstrap\\HandleExceptions->handleError(2, 'preg_match(): J...', '/Users/dataScie...', 479, Array)
#1 /Users/dataScienceDisco/Documents/LaravelProjects/awis/vendor/doctrine/inflector/lib/Doctrine/Common/Inflector/Inflector.php(479): preg_match('/([m|l])ice$/i', 'post')
#2 /Users/dataScienceDisco/Documents/LaravelProjects/awis/vendor/laravel/framework/src/Illuminate/Support/Pluralizer.php(84): Doctrine\\Common\\Inflector\\Inflector::singularize('post')
#3 /Users/dataScienceDisco/Documents/LaravelProjects/awis/vendor/laravel/framework/src/Illuminate/Support/Str.php(407): Illuminate\\Support\\Pluralizer::singular('post')
#4 /Users/dataScienceDisco/Documents/LaravelProjects/awis/vendor/laravel/framework/src/Illuminate/Routing/ResourceRegistrar.php(345): Illuminate\\Support\\Str::singular('post')
#5 /Users/dataScienceDisco/Documents/LaravelProjects/awis/vendor/laravel/framework/src/Illuminate/Routing/ResourceRegistrar.php(91): Illuminate\\Routing\\ResourceRegistrar->getResourceWildcard('post')
#6 /Users/dataScienceDisco/Documents/LaravelProjects/awis/vendor/laravel/framework/src/Illuminate/Routing/PendingResourceRegistration.php(166): Illuminate\\Routing\\ResourceRegistrar->register('post', 'PostController', Array)
#7 /Users/dataScienceDisco/Documents/LaravelProjects/awis/vendor/laravel/framework/src/Illuminate/Routing/PendingResourceRegistration.php(178): Illuminate\\Routing\\PendingResourceRegistration->register()
#8 /Users/dataScienceDisco/Documents/LaravelProjects/awis/vendor/laravel/framework/src/Illuminate/Support/Facades/Facade.php(237): Illuminate\\Routing\\PendingResourceRegistration->__destruct()
#9 /Users/dataScienceDisco/Documents/LaravelProjects/awis/routes/web.php(18): Illuminate\\Support\\Facades\\Facade::__callStatic('resource', Array)
#10 /Users/dataScienceDisco/Documents/LaravelProjects/awis/vendor/laravel/framework/src/Illuminate/Routing/Router.php(417): require('/Users/dataScie...')
#11 /Users/dataScienceDisco/Documents/LaravelProjects/awis/vendor/laravel/framework/src/Illuminate/Routing/Router.php(373): Illuminate\\Routing\\Router->loadRoutes('/Users/dataScie...')
#12 /Users/dataScienceDisco/Documents/LaravelProjects/awis/vendor/laravel/framework/src/Illuminate/Routing/RouteRegistrar.php(121): Illuminate\\Routing\\Router->group(Array, '/Users/dataScie...')
#13 /Users/dataScienceDisco/Documents/LaravelProjects/awis/app/Providers/RouteServiceProvider.php(56): Illuminate\\Routing\\RouteRegistrar->group('/Users/dataScie...')
#14 /Users/dataScienceDisco/Documents/LaravelProjects/awis/app/Providers/RouteServiceProvider.php(40): App\\Providers\\RouteServiceProvider->mapWebRoutes()
#15 [internal function]: App\\Providers\\RouteServiceProvider->map()
#16 /Users/dataScienceDisco/Documents/LaravelProjects/awis/vendor/laravel/framework/src/Illuminate/Container/BoundMethod.php(29): call_user_func_array(Array, Array)
#17 /Users/dataScienceDisco/Documents/LaravelProjects/awis/vendor/laravel/framework/src/Illuminate/Container/BoundMethod.php(87): Illuminate\\Container\\BoundMethod::Illuminate\\Container\\{closure}()
#18 /Users/dataScienceDisco/Documents/LaravelProjects/awis/vendor/laravel/framework/src/Illuminate/Container/BoundMethod.php(31): Illuminate\\Container\\BoundMethod::callBoundMethod(Object(Illuminate\\Foundation\\Application), Array, Object(Closure))
#19 /Users/dataScienceDisco/Documents/LaravelProjects/awis/vendor/laravel/framework/src/Illuminate/Container/Container.php(572): Illuminate\\Container\\BoundMethod::call(Object(Illuminate\\Foundation\\Application), Array, Array, NULL)
#20 /Users/dataScienceDisco/Documents/LaravelProjects/awis/vendor/laravel/framework/src/Illuminate/Foundation/Support/Providers/RouteServiceProvider.php(77): Illuminate\\Container\\Container->call(Array)
#21 /Users/dataScienceDisco/Documents/LaravelProjects/awis/vendor/laravel/framework/src/Illuminate/Foundation/Support/Providers/RouteServiceProvider.php(36): Illuminate\\Foundation\\Support\\Providers\\RouteServiceProvider->loadRoutes()
#22 /Users/dataScienceDisco/Documents/LaravelProjects/awis/app/Providers/RouteServiceProvider.php(28): Illuminate\\Foundation\\Support\\Providers\\RouteServiceProvider->boot()
#23 [internal function]: App\\Providers\\RouteServiceProvider->boot()
#24 /Users/dataScienceDisco/Documents/LaravelProjects/awis/vendor/laravel/framework/src/Illuminate/Container/BoundMethod.php(29): call_user_func_array(Array, Array)
#25 /Users/dataScienceDisco/Documents/LaravelProjects/awis/vendor/laravel/framework/src/Illuminate/Container/BoundMethod.php(87): Illuminate\\Container\\BoundMethod::Illuminate\\Container\\{closure}()
#26 /Users/dataScienceDisco/Documents/LaravelProjects/awis/vendor/laravel/framework/src/Illuminate/Container/BoundMethod.php(31): Illuminate\\Container\\BoundMethod::callBoundMethod(Object(Illuminate\\Foundation\\Application), Array, Object(Closure))
#27 /Users/dataScienceDisco/Documents/LaravelProjects/awis/vendor/laravel/framework/src/Illuminate/Container/Container.php(572): Illuminate\\Container\\BoundMethod::call(Object(Illuminate\\Foundation\\Application), Array, Array, NULL)
#28 /Users/dataScienceDisco/Documents/LaravelProjects/awis/vendor/laravel/framework/src/Illuminate/Foundation/Application.php(795): Illuminate\\Container\\Container->call(Array)
#29 /Users/dataScienceDisco/Documents/LaravelProjects/awis/vendor/laravel/framework/src/Illuminate/Foundation/Application.php(778): Illuminate\\Foundation\\Application->bootProvider(Object(App\\Providers\\RouteServiceProvider))
#30 [internal function]: Illuminate\\Foundation\\Application->Illuminate\\Foundation\\{closure}(Object(App\\Providers\\RouteServiceProvider), 22)
#31 /Users/dataScienceDisco/Documents/LaravelProjects/awis/vendor/laravel/framework/src/Illuminate/Foundation/Application.php(779): array_walk(Array, Object(Closure))
#32 /Users/dataScienceDisco/Documents/LaravelProjects/awis/vendor/laravel/framework/src/Illuminate/Foundation/Bootstrap/BootProviders.php(17): Illuminate\\Foundation\\Application->boot()
#33 /Users/dataScienceDisco/Documents/LaravelProjects/awis/vendor/laravel/framework/src/Illuminate/Foundation/Application.php(204): Illuminate\\Foundation\\Bootstrap\\BootProviders->bootstrap(Object(Illuminate\\Foundation\\Application))
#34 /Users/dataScienceDisco/Documents/LaravelProjects/awis/vendor/laravel/framework/src/Illuminate/Foundation/Http/Kernel.php(162): Illuminate\\Foundation\\Application->bootstrapWith(Array)
#35 /Users/dataScienceDisco/Documents/LaravelProjects/awis/vendor/laravel/framework/src/Illuminate/Foundation/Http/Kernel.php(146): Illuminate\\Foundation\\Http\\Kernel->bootstrap()
#36 /Users/dataScienceDisco/Documents/LaravelProjects/awis/vendor/laravel/framework/src/Illuminate/Foundation/Http/Kernel.php(116): Illuminate\\Foundation\\Http\\Kernel->sendRequestThroughRouter(Object(Illuminate\\Http\\Request))
#37 /Users/dataScienceDisco/Documents/LaravelProjects/awis/public/index.php(55): Illuminate\\Foundation\\Http\\Kernel->handle(Object(Illuminate\\Http\\Request))
#38 /Users/dataScienceDisco/.composer/vendor/laravel/valet/server.php(151): require('/Users/dataScie...')
#39 {main}
"} 
[2019-01-11 06:19:34] local.ERROR: preg_match(): JIT compilation failed: no more memory {"exception":"[object] (ErrorException(code: 0): preg_match(): JIT compilation failed: no more memory at /Users/dataScienceDisco/Documents/LaravelProjects/awis/vendor/doctrine/inflector/lib/Doctrine/Common/Inflector/Inflector.php:479)
[stacktrace]
#0 [internal function]: Illuminate\\Foundation\\Bootstrap\\HandleExceptions->handleError(2, 'preg_match(): J...', '/Users/dataScie...', 479, Array)
#1 /Users/dataScienceDisco/Documents/LaravelProjects/awis/vendor/doctrine/inflector/lib/Doctrine/Common/Inflector/Inflector.php(479): preg_match('/(buffal|her|po...', 'post')
#2 /Users/dataScienceDisco/Documents/LaravelProjects/awis/vendor/laravel/framework/src/Illuminate/Support/Pluralizer.php(84): Doctrine\\Common\\Inflector\\Inflector::singularize('post')
#3 /Users/dataScienceDisco/Documents/LaravelProjects/awis/vendor/laravel/framework/src/Illuminate/Support/Str.php(407): Illuminate\\Support\\Pluralizer::singular('post')
#4 /Users/dataScienceDisco/Documents/LaravelProjects/awis/vendor/laravel/framework/src/Illuminate/Routing/ResourceRegistrar.php(345): Illuminate\\Support\\Str::singular('post')
#5 /Users/dataScienceDisco/Documents/LaravelProjects/awis/vendor/laravel/framework/src/Illuminate/Routing/ResourceRegistrar.php(91): Illuminate\\Routing\\ResourceRegistrar->getResourceWildcard('post')
#6 /Users/dataScienceDisco/Documents/LaravelProjects/awis/vendor/laravel/framework/src/Illuminate/Routing/PendingResourceRegistration.php(166): Illuminate\\Routing\\ResourceRegistrar->register('post', 'PostController', Array)
#7 /Users/dataScienceDisco/Documents/LaravelProjects/awis/vendor/laravel/framework/src/Illuminate/Routing/PendingResourceRegistration.php(178): Illuminate\\Routing\\PendingResourceRegistration->register()
#8 /Users/dataScienceDisco/Documents/LaravelProjects/awis/vendor/laravel/framework/src/Illuminate/Support/Facades/Facade.php(237): Illuminate\\Routing\\PendingResourceRegistration->__destruct()
#9 /Users/dataScienceDisco/Documents/LaravelProjects/awis/routes/web.php(18): Illuminate\\Support\\Facades\\Facade::__callStatic('resource', Array)
#10 /Users/dataScienceDisco/Documents/LaravelProjects/awis/vendor/laravel/framework/src/Illuminate/Routing/Router.php(417): require('/Users/dataScie...')
#11 /Users/dataScienceDisco/Documents/LaravelProjects/awis/vendor/laravel/framework/src/Illuminate/Routing/Router.php(373): Illuminate\\Routing\\Router->loadRoutes('/Users/dataScie...')
#12 /Users/dataScienceDisco/Documents/LaravelProjects/awis/vendor/laravel/framework/src/Illuminate/Routing/RouteRegistrar.php(121): Illuminate\\Routing\\Router->group(Array, '/Users/dataScie...')
#13 /Users/dataScienceDisco/Documents/LaravelProjects/awis/app/Providers/RouteServiceProvider.php(56): Illuminate\\Routing\\RouteRegistrar->group('/Users/dataScie...')
#14 /Users/dataScienceDisco/Documents/LaravelProjects/awis/app/Providers/RouteServiceProvider.php(40): App\\Providers\\RouteServiceProvider->mapWebRoutes()
#15 [internal function]: App\\Providers\\RouteServiceProvider->map()
#16 /Users/dataScienceDisco/Documents/LaravelProjects/awis/vendor/laravel/framework/src/Illuminate/Container/BoundMethod.php(29): call_user_func_array(Array, Array)
#17 /Users/dataScienceDisco/Documents/LaravelProjects/awis/vendor/laravel/framework/src/Illuminate/Container/BoundMethod.php(87): Illuminate\\Container\\BoundMethod::Illuminate\\Container\\{closure}()
#18 /Users/dataScienceDisco/Documents/LaravelProjects/awis/vendor/laravel/framework/src/Illuminate/Container/BoundMethod.php(31): Illuminate\\Container\\BoundMethod::callBoundMethod(Object(Illuminate\\Foundation\\Application), Array, Object(Closure))
#19 /Users/dataScienceDisco/Documents/LaravelProjects/awis/vendor/laravel/framework/src/Illuminate/Container/Container.php(572): Illuminate\\Container\\BoundMethod::call(Object(Illuminate\\Foundation\\Application), Array, Array, NULL)
#20 /Users/dataScienceDisco/Documents/LaravelProjects/awis/vendor/laravel/framework/src/Illuminate/Foundation/Support/Providers/RouteServiceProvider.php(77): Illuminate\\Container\\Container->call(Array)
#21 /Users/dataScienceDisco/Documents/LaravelProjects/awis/vendor/laravel/framework/src/Illuminate/Foundation/Support/Providers/RouteServiceProvider.php(36): Illuminate\\Foundation\\Support\\Providers\\RouteServiceProvider->loadRoutes()
#22 /Users/dataScienceDisco/Documents/LaravelProjects/awis/app/Providers/RouteServiceProvider.php(28): Illuminate\\Foundation\\Support\\Providers\\RouteServiceProvider->boot()
#23 [internal function]: App\\Providers\\RouteServiceProvider->boot()
#24 /Users/dataScienceDisco/Documents/LaravelProjects/awis/vendor/laravel/framework/src/Illuminate/Container/BoundMethod.php(29): call_user_func_array(Array, Array)
#25 /Users/dataScienceDisco/Documents/LaravelProjects/awis/vendor/laravel/framework/src/Illuminate/Container/BoundMethod.php(87): Illuminate\\Container\\BoundMethod::Illuminate\\Container\\{closure}()
#26 /Users/dataScienceDisco/Documents/LaravelProjects/awis/vendor/laravel/framework/src/Illuminate/Container/BoundMethod.php(31): Illuminate\\Container\\BoundMethod::callBoundMethod(Object(Illuminate\\Foundation\\Application), Array, Object(Closure))
#27 /Users/dataScienceDisco/Documents/LaravelProjects/awis/vendor/laravel/framework/src/Illuminate/Container/Container.php(572): Illuminate\\Container\\BoundMethod::call(Object(Illuminate\\Foundation\\Application), Array, Array, NULL)
#28 /Users/dataScienceDisco/Documents/LaravelProjects/awis/vendor/laravel/framework/src/Illuminate/Foundation/Application.php(795): Illuminate\\Container\\Container->call(Array)
#29 /Users/dataScienceDisco/Documents/LaravelProjects/awis/vendor/laravel/framework/src/Illuminate/Foundation/Application.php(778): Illuminate\\Foundation\\Application->bootProvider(Object(App\\Providers\\RouteServiceProvider))
#30 [internal function]: Illuminate\\Foundation\\Application->Illuminate\\Foundation\\{closure}(Object(App\\Providers\\RouteServiceProvider), 22)
#31 /Users/dataScienceDisco/Documents/LaravelProjects/awis/vendor/laravel/framework/src/Illuminate/Foundation/Application.php(779): array_walk(Array, Object(Closure))
#32 /Users/dataScienceDisco/Documents/LaravelProjects/awis/vendor/laravel/framework/src/Illuminate/Foundation/Bootstrap/BootProviders.php(17): Illuminate\\Foundation\\Application->boot()
#33 /Users/dataScienceDisco/Documents/LaravelProjects/awis/vendor/laravel/framework/src/Illuminate/Foundation/Application.php(204): Illuminate\\Foundation\\Bootstrap\\BootProviders->bootstrap(Object(Illuminate\\Foundation\\Application))
#34 /Users/dataScienceDisco/Documents/LaravelProjects/awis/vendor/laravel/framework/src/Illuminate/Foundation/Http/Kernel.php(162): Illuminate\\Foundation\\Application->bootstrapWith(Array)
#35 /Users/dataScienceDisco/Documents/LaravelProjects/awis/vendor/laravel/framework/src/Illuminate/Foundation/Http/Kernel.php(146): Illuminate\\Foundation\\Http\\Kernel->bootstrap()
#36 /Users/dataScienceDisco/Documents/LaravelProjects/awis/vendor/laravel/framework/src/Illuminate/Foundation/Http/Kernel.php(116): Illuminate\\Foundation\\Http\\Kernel->sendRequestThroughRouter(Object(Illuminate\\Http\\Request))
#37 /Users/dataScienceDisco/Documents/LaravelProjects/awis/public/index.php(55): Illuminate\\Foundation\\Http\\Kernel->handle(Object(Illuminate\\Http\\Request))
#38 /Users/dataScienceDisco/.composer/vendor/laravel/valet/server.php(151): require('/Users/dataScie...')
#39 {main}
"} 
